d:\local docs\code\cs 5610\assignment-3\gettingstarted.dir\debug\vc140.pdb
d:\local docs\code\cs 5610\assignment-3\gettingstarted.dir\debug\assignment3.obj
d:\local docs\code\cs 5610\assignment-3\gettingstarted.dir\debug\assignment2.obj
d:\local docs\code\cs 5610\assignment-3\gettingstarted.dir\debug\simpletexture.obj
d:\local docs\code\cs 5610\assignment-3\gettingstarted.dir\debug\assignment3.tlog\cl.command.1.tlog
d:\local docs\code\cs 5610\assignment-3\gettingstarted.dir\debug\assignment3.tlog\cl.read.1.tlog
d:\local docs\code\cs 5610\assignment-3\gettingstarted.dir\debug\assignment3.tlog\cl.write.1.tlog
d:\local docs\code\cs 5610\assignment-3\gettingstarted.dir\debug\assignment3.tlog\link-cvtres.read.1.tlog
d:\local docs\code\cs 5610\assignment-3\gettingstarted.dir\debug\assignment3.tlog\link-cvtres.write.1.tlog
d:\local docs\code\cs 5610\assignment-3\gettingstarted.dir\debug\assignment3.tlog\link-rc.read.1.tlog
d:\local docs\code\cs 5610\assignment-3\gettingstarted.dir\debug\assignment3.tlog\link-rc.write.1.tlog
d:\local docs\code\cs 5610\assignment-3\gettingstarted.dir\debug\assignment3.tlog\link.6104-cvtres.read.1.tlog
d:\local docs\code\cs 5610\assignment-3\gettingstarted.dir\debug\assignment3.tlog\link.6104-cvtres.write.1.tlog
d:\local docs\code\cs 5610\assignment-3\gettingstarted.dir\debug\assignment3.tlog\link.6104-rc.read.1.tlog
d:\local docs\code\cs 5610\assignment-3\gettingstarted.dir\debug\assignment3.tlog\link.6104-rc.write.1.tlog
d:\local docs\code\cs 5610\assignment-3\gettingstarted.dir\debug\assignment3.tlog\link.6104.read.1.tlog
d:\local docs\code\cs 5610\assignment-3\gettingstarted.dir\debug\assignment3.tlog\link.6104.write.1.tlog
d:\local docs\code\cs 5610\assignment-3\gettingstarted.dir\debug\assignment3.tlog\link.command.1.tlog
d:\local docs\code\cs 5610\assignment-3\gettingstarted.dir\debug\assignment3.tlog\link.read.1.tlog
d:\local docs\code\cs 5610\assignment-3\gettingstarted.dir\debug\assignment3.tlog\link.write.1.tlog
